#
# A fatal error has been detected by the Java Runtime Environment:
#
#  SIGSEGV (0xb) at pc=0xb2b2e5fa, pid=30373, tid=3063679808
#
# JRE version: 7.0_09-b30
# Java VM: OpenJDK Client VM (23.2-b09 mixed mode, sharing linux-x86 )
# Problematic frame:
# C  [libusb-0.1.so.4+0x35fa]  usb_claim_interface+0x2a
#
# Failed to write core dump. Core dumps have been disabled. To enable core dumping, try "ulimit -c unlimited" before starting Java again
#
# If you would like to submit a bug report, please include
# instructions on how to reproduce the bug and visit:
#   https://bugs.launchpad.net/ubuntu/+source/openjdk-7/
# The crash happened outside the Java Virtual Machine in native code.
# See problematic frame for where to report the bug.
#

---------------  T H R E A D  ---------------

Current thread (0xb6806800):  JavaThread "main" [_thread_in_native, id=30374, stack(0xb6970000,0xb69c1000)]

siginfo:si_signo=SIGSEGV: si_errno=0, si_code=1 (SEGV_MAPERR), si_addr=0x00000000

Registers:
EAX=0xb69bfec4, EBX=0xb2b32ff4, ECX=0xb6806928, EDX=0x00000000
ESP=0xb69bfe80, EBP=0xb69bfee8, ESI=0x00000000, EDI=0xb6806800
EIP=0xb2b2e5fa, EFLAGS=0x00010292, CR2=0x00000000

Top of Stack: (sp=0xb69bfe80)
0xb69bfe80:   b70c1000 8004550f b69bfec4 8ee1d238
0xb69bfe90:   b6d72b60 b2b52000 8ee1d238 b6806800
0xb69bfea0:   b69bfee8 b770a6a0 00000000 b2b52000
0xb69bfeb0:   8ee1d238 b2710f48 000000d0 b2b4f7d6
0xb69bfec0:   00000000 00000000 b69bfee0 00000000
0xb69bfed0:   8ee1d238 8ee1d238 00000000 00000000
0xb69bfee0:   b47f173b 8ee1d238 b69bff28 b47f183d
0xb69bfef0:   b6806928 b69bff30 00000000 00000000 

Instructions: (pc=0xb2b2e5fa)
0xb2b2e5da:   40 8d 44 24 44 89 5c 24 2c e8 53 dc ff ff 81 c3
0xb2b2e5ea:   0c 4a 00 00 89 44 24 08 c7 44 24 04 0f 55 04 80
0xb2b2e5fa:   8b 06 89 7c 24 34 89 6c 24 38 89 04 24 e8 d4 d9
0xb2b2e60a:   ff ff 85 c0 78 20 8b 44 24 44 89 46 10 31 c0 8b 

Register to memory mapping:

EAX=0xb69bfec4 is pointing into the stack for thread: 0xb6806800
EBX=0xb2b32ff4: <offset 0x7ff4> in /lib/i386-linux-gnu/libusb-0.1.so.4 at 0xb2b2b000
ECX=0xb6806928 is an unknown value
EDX=0x00000000 is an unknown value
ESP=0xb69bfe80 is pointing into the stack for thread: 0xb6806800
EBP=0xb69bfee8 is pointing into the stack for thread: 0xb6806800
ESI=0x00000000 is an unknown value
EDI=0xb6806800 is a thread


Stack: [0xb6970000,0xb69c1000],  sp=0xb69bfe80,  free space=319k
Native frames: (J=compiled Java code, j=interpreted, Vv=VM code, C=native code)
C  [libusb-0.1.so.4+0x35fa]  usb_claim_interface+0x2a
j  ch.ntb.usb.LibusbJava.usb_claim_interface(JI)I+0
j  org.herac.tuxguitar.io.guitarduino.GDPUSB.<init>()V+112
j  org.herac.tuxguitar.io.guitarduino.GDPPlugin.init()V+43
j  org.herac.tuxguitar.gui.system.plugins.TGPluginManager.initPlugins()V+51
j  org.herac.tuxguitar.gui.system.plugins.TGPluginManager.<init>()V+16
j  org.herac.tuxguitar.gui.TuxGuitar.getPluginManager()Lorg/herac/tuxguitar/gui/system/plugins/TGPluginManager;+12
j  org.herac.tuxguitar.gui.TuxGuitar.displayGUI([Ljava/lang/String;)V+98
j  org.herac.tuxguitar.gui.TGMain.main([Ljava/lang/String;)V+4
v  ~StubRoutines::call_stub
V  [libjvm.so+0x283c2c]  JavaCalls::call_helper(JavaValue*, methodHandle*, JavaCallArguments*, Thread*)+0x39c

Java frames: (J=compiled Java code, j=interpreted, Vv=VM code)
j  ch.ntb.usb.LibusbJava.usb_claim_interface(JI)I+0
j  org.herac.tuxguitar.io.guitarduino.GDPUSB.<init>()V+112
j  org.herac.tuxguitar.io.guitarduino.GDPPlugin.init()V+43
j  org.herac.tuxguitar.gui.system.plugins.TGPluginManager.initPlugins()V+51
j  org.herac.tuxguitar.gui.system.plugins.TGPluginManager.<init>()V+16
j  org.herac.tuxguitar.gui.TuxGuitar.getPluginManager()Lorg/herac/tuxguitar/gui/system/plugins/TGPluginManager;+12
j  org.herac.tuxguitar.gui.TuxGuitar.displayGUI([Ljava/lang/String;)V+98
j  org.herac.tuxguitar.gui.TGMain.main([Ljava/lang/String;)V+4
v  ~StubRoutines::call_stub

---------------  P R O C E S S  ---------------

Java Threads: ( => current thread )
  0xb6843800 JavaThread "Service Thread" daemon [_thread_blocked, id=30380, stack(0xb3f3b000,0xb3f8c000)]
  0xb6841800 JavaThread "C1 CompilerThread0" daemon [_thread_blocked, id=30379, stack(0xb3f8c000,0xb400d000)]
  0xb683fc00 JavaThread "Signal Dispatcher" daemon [_thread_blocked, id=30378, stack(0xb400d000,0xb405e000)]
  0xb6831800 JavaThread "Finalizer" daemon [_thread_blocked, id=30377, stack(0xb425e000,0xb42af000)]
  0xb682fc00 JavaThread "Reference Handler" daemon [_thread_blocked, id=30376, stack(0xb42af000,0xb4300000)]
=>0xb6806800 JavaThread "main" [_thread_in_native, id=30374, stack(0xb6970000,0xb69c1000)]

Other Threads:
  0xb682e400 VMThread [stack: 0xb4434000,0xb44b5000] [id=30375]
  0xb6845c00 WatcherThread [stack: 0xb3eba000,0xb3f3b000] [id=30381]

VM state:not at safepoint (normal execution)

VM Mutex/Monitor currently owned by a thread: None

Heap
 def new generation   total 39296K, used 23883K [0x86a10000, 0x894b0000, 0x894b0000)
  eden space 34944K,  68% used [0x86a10000, 0x88162f78, 0x88c30000)
  from space 4352K,   0% used [0x88c30000, 0x88c30000, 0x89070000)
  to   space 4352K,   0% used [0x89070000, 0x89070000, 0x894b0000)
 tenured generation   total 87424K, used 0K [0x894b0000, 0x8ea10000, 0x8ea10000)
   the space 87424K,   0% used [0x894b0000, 0x894b0000, 0x894b0200, 0x8ea10000)
 compacting perm gen  total 12288K, used 4152K [0x8ea10000, 0x8f610000, 0x92a10000)
   the space 12288K,  33% used [0x8ea10000, 0x8ee1e398, 0x8ee1e400, 0x8f610000)
    ro space 10240K,  60% used [0x92a10000, 0x93020008, 0x93020200, 0x93410000)
    rw space 12288K,  61% used [0x93410000, 0x93b75c90, 0x93b75e00, 0x94010000)

Card table byte_map: [0xb46fb000,0xb4767000] byte_map_base: 0xb42c5f80

Polling page: 0xb76d3000

Code Cache  [0xb47e7000, 0xb490f000, 0xb67e7000)
 total_blobs=435 nmethods=257 adapters=113 free_code_cache=31596Kb largest_free_block=32354688

Compilation events (10 events):
Event: 1,807 Thread 0xb6841800  252             java.lang.String::toLowerCase (472 bytes)
Event: 1,809 Thread 0xb6841800 nmethod 252 0xb4908508 code [0xb4908740, 0xb4908f6c]
Event: 1,812 Thread 0xb6841800  253             java.lang.String::toUpperCase (439 bytes)
Event: 1,814 Thread 0xb6841800 nmethod 253 0xb4909a48 code [0xb4909c70, 0xb490a440]
Event: 1,818 Thread 0xb6841800  254             java.lang.CharacterDataLatin1::toUpperCaseEx (71 bytes)
Event: 1,819 Thread 0xb6841800 nmethod 254 0xb490aec8 code [0xb490afc0, 0xb490b0c0]
Event: 1,833 Thread 0xb6841800  255             java.util.jar.Manifest$FastInputStream::readLine (167 bytes)
Event: 1,833 Thread 0xb6841800 nmethod 255 0xb490b1c8 code [0xb490b2f0, 0xb490b534]
Event: 1,843 Thread 0xb6841800  256             java.util.Hashtable$Enumerator::nextElement (111 bytes)
Event: 1,844 Thread 0xb6841800 nmethod 256 0xb490b788 code [0xb490b8a0, 0xb490ba4c]

GC Heap History (0 events):
No events

Deoptimization events (0 events):
No events

Internal exceptions (10 events):
Event: 1,832 Thread 0xb6806800 Threw 0x880c4f18 at /build/buildd/openjdk-7-7u9-2.3.3/build/openjdk/hotspot/src/share/vm/prims/jvm.cpp:1166
Event: 1,835 Thread 0xb6806800 Threw 0x880cf280 at /build/buildd/openjdk-7-7u9-2.3.3/build/openjdk/hotspot/src/share/vm/prims/jvm.cpp:1166
Event: 1,835 Thread 0xb6806800 Threw 0x880d1208 at /build/buildd/openjdk-7-7u9-2.3.3/build/openjdk/hotspot/src/share/vm/prims/jvm.cpp:1166
Event: 1,836 Thread 0xb6806800 Threw 0x880d4540 at /build/buildd/openjdk-7-7u9-2.3.3/build/openjdk/hotspot/src/share/vm/prims/jvm.cpp:1166
Event: 1,837 Thread 0xb6806800 Threw 0x880db2a0 at /build/buildd/openjdk-7-7u9-2.3.3/build/openjdk/hotspot/src/share/vm/prims/jvm.cpp:1166
Event: 1,838 Thread 0xb6806800 Threw 0x880e0a50 at /build/buildd/openjdk-7-7u9-2.3.3/build/openjdk/hotspot/src/share/vm/prims/jvm.cpp:1166
Event: 1,852 Thread 0xb6806800 Threw 0x880f1da0 at /build/buildd/openjdk-7-7u9-2.3.3/build/openjdk/hotspot/src/share/vm/prims/jvm.cpp:1166
Event: 1,854 Thread 0xb6806800 Threw 0x880fc728 at /build/buildd/openjdk-7-7u9-2.3.3/build/openjdk/hotspot/src/share/vm/prims/jvm.cpp:1166
Event: 1,856 Thread 0xb6806800 Threw 0x880ffd28 at /build/buildd/openjdk-7-7u9-2.3.3/build/openjdk/hotspot/src/share/vm/prims/jvm.cpp:1166
Event: 1,856 Thread 0xb6806800 Threw 0x88104260 at /build/buildd/openjdk-7-7u9-2.3.3/build/openjdk/hotspot/src/share/vm/prims/jvm.cpp:1166

Events (10 events):
Event: 1,851 loading class 0x94080108
Event: 1,851 loading class 0x94080108 done
Event: 1,852 loading class 0xb2708188
Event: 1,852 loading class 0xb2708188 done
Event: 1,854 loading class 0xb270c6a0
Event: 1,854 loading class 0xb270c6a0 done
Event: 1,856 loading class 0xb2709660
Event: 1,856 loading class 0xb2709660 done
Event: 1,856 loading class 0xb2710540
Event: 1,856 loading class 0xb2710540 done


Dynamic libraries:
08048000-08049000 r-xp 00000000 fc:01 268945     /usr/lib/jvm/java-7-openjdk-i386/jre/bin/java
08049000-0804a000 r--p 00000000 fc:01 268945     /usr/lib/jvm/java-7-openjdk-i386/jre/bin/java
0804a000-0804b000 rw-p 00001000 fc:01 268945     /usr/lib/jvm/java-7-openjdk-i386/jre/bin/java
091a7000-0938f000 rw-p 00000000 00:00 0          [heap]
86a10000-8f610000 rw-p 00000000 00:00 0 
8f610000-92a10000 rw-p 00000000 00:00 0 
92a10000-93021000 r--p 00001000 fc:01 271626     /usr/lib/jvm/java-7-openjdk-i386/jre/lib/i386/client/classes.jsa
93021000-93410000 rw-p 00000000 00:00 0 
93410000-93b76000 rw-p 00612000 fc:01 271626     /usr/lib/jvm/java-7-openjdk-i386/jre/lib/i386/client/classes.jsa
93b76000-94010000 rw-p 00000000 00:00 0 
94010000-94327000 rw-p 00d78000 fc:01 271626     /usr/lib/jvm/java-7-openjdk-i386/jre/lib/i386/client/classes.jsa
94327000-94410000 rw-p 00000000 00:00 0 
94410000-94419000 r-xp 0108f000 fc:01 271626     /usr/lib/jvm/java-7-openjdk-i386/jre/lib/i386/client/classes.jsa
94419000-94810000 rw-p 00000000 00:00 0 
b252d000-b2600000 rw-p 00000000 00:00 0 
b2600000-b26fb000 rw-p 00000000 00:00 0 
b26fb000-b2700000 ---p 00000000 00:00 0 
b2700000-b2729000 rw-p 00000000 00:00 0 
b2729000-b2800000 ---p 00000000 00:00 0 
b2800000-b28ff000 rw-p 00000000 00:00 0 
b28ff000-b2900000 ---p 00000000 00:00 0 
b29a2000-b2a00000 rw-p 00000000 00:00 0 
b2a00000-b2b00000 rw-p 00000000 00:00 0 
b2b2b000-b2b32000 r-xp 00000000 fc:01 131891     /lib/i386-linux-gnu/libusb-0.1.so.4.4.4
b2b32000-b2b33000 r--p 00006000 fc:01 131891     /lib/i386-linux-gnu/libusb-0.1.so.4.4.4
b2b33000-b2b34000 rw-p 00007000 fc:01 131891     /lib/i386-linux-gnu/libusb-0.1.so.4.4.4
b2b34000-b2b35000 rw-p 00000000 00:00 0 
b2b49000-b2b4a000 rw-p 00000000 00:00 0 
b2b4a000-b2b51000 r-xp 00000000 fc:01 268142     /usr/lib/libusbJavaSh.so.0.8
b2b51000-b2b52000 r--p 00006000 fc:01 268142     /usr/lib/libusbJavaSh.so.0.8
b2b52000-b2b53000 rw-p 00007000 fc:01 268142     /usr/lib/libusbJavaSh.so.0.8
b2b53000-b2b5f000 r-xp 00000000 fc:01 674441     /usr/lib/jni/libswt-atk-gtk-3833.so
b2b5f000-b2b60000 r--p 0000b000 fc:01 674441     /usr/lib/jni/libswt-atk-gtk-3833.so
b2b60000-b2b61000 rw-p 0000c000 fc:01 674441     /usr/lib/jni/libswt-atk-gtk-3833.so
b2b61000-b2b77000 r-xp 00000000 fc:01 268978     /usr/lib/jvm/java-7-openjdk-i386/jre/lib/i386/libnet.so
b2b77000-b2b78000 r--p 00015000 fc:01 268978     /usr/lib/jvm/java-7-openjdk-i386/jre/lib/i386/libnet.so
b2b78000-b2b79000 rw-p 00016000 fc:01 268978     /usr/lib/jvm/java-7-openjdk-i386/jre/lib/i386/libnet.so
b2b79000-b2b8a000 r-xp 00000000 fc:01 268970     /usr/lib/jvm/java-7-openjdk-i386/jre/lib/i386/libnio.so
b2b8a000-b2b8b000 r--p 00010000 fc:01 268970     /usr/lib/jvm/java-7-openjdk-i386/jre/lib/i386/libnio.so
b2b8b000-b2b8c000 rw-p 00011000 fc:01 268970     /usr/lib/jvm/java-7-openjdk-i386/jre/lib/i386/libnio.so
b2b8c000-b2b8d000 r--s 00001000 fc:01 1084041    /usr/share/tuxguitar/plugins/tuxguitar-ascii.jar
b2b8d000-b2b8f000 r--s 0000e000 fc:01 1084044    /usr/share/tuxguitar/plugins/tuxguitar-gtp.jar
b2b8f000-b2b91000 r--s 00008000 fc:01 1084057    /usr/share/tuxguitar/plugins/tuxguitar-jsa.jar
b2b91000-b2b92000 r--s 00001000 fc:01 1084051    /usr/share/tuxguitar/plugins/tuxguitar-tray.jar
b2b92000-b2b94000 r--s 00005000 fc:01 1084049    /usr/share/tuxguitar/plugins/tuxguitar-ptb.jar
b2b94000-b2b96000 r--s 00005000 fc:01 1084043    /usr/share/tuxguitar/plugins/tuxguitar-converter.jar
b2b96000-b2b98000 r--s 0000a000 fc:01 1084042    /usr/share/tuxguitar/plugins/tuxguitar-compat.jar
b2b98000-b2b9a000 r--s 00001000 fc:01 1084047    /usr/share/tuxguitar/plugins/tuxguitar-musicxml.jar
b2b9a000-b2b9b000 r--s 00001000 fc:01 1084054    /usr/share/tuxguitar/plugins/tuxguitar-alsa.jar
b2b9b000-b2b9d000 r--s 00004000 fc:01 1084045    /usr/share/tuxguitar/plugins/tuxguitar-lilypond.jar
b2b9d000-b2ba0000 r--s 0000b000 fc:01 1084053    /usr/share/tuxguitar/plugins/tuxguitar-community.jar
b2ba0000-b2c00000 rw-s 00000000 00:04 313819157  /SYSV00000000 (deleted)
b2c00000-b2d00000 rw-p 00000000 00:00 0 
b2d01000-b2d03000 r--s 00005000 fc:01 1084046    /usr/share/tuxguitar/plugins/tuxguitar-midi.jar
b2d03000-b2d05000 r--s 00004000 fc:01 1084058    /usr/share/tuxguitar/plugins/tuxguitar-fluidsynth.jar
b2d05000-b2d06000 r--s 00001000 fc:01 1588478    /home/nicolas/tuxguitar-src-1.2/TuxGuitar-Light-Plugin/tuxguitar-guitarduino.jar
b2d06000-b2d08000 r--s 00006000 fc:01 1084052    /usr/share/tuxguitar/plugins/tuxguitar-tuner.jar
b2d08000-b2d0a000 r--s 00001000 fc:01 1084048    /usr/share/tuxguitar/plugins/tuxguitar-pdf.jar
b2d0a000-b2d10000 r--p 00000000 fc:01 662283     /usr/share/locale-langpack/fr/LC_MESSAGES/gdk-pixbuf.mo
b2d10000-b2da3000 rw-p 00000000 00:00 0 
b2da3000-b2db0000 r-xp 00000000 fc:01 674447     /usr/lib/jni/libswt-cairo-gtk-3833.so
b2db0000-b2db1000 r--p 0000c000 fc:01 674447     /usr/lib/jni/libswt-cairo-gtk-3833.so
b2db1000-b2db2000 rw-p 0000d000 fc:01 674447     /usr/lib/jni/libswt-cairo-gtk-3833.so
b2db2000-b2dbb000 r--s 000bc000 fc:01 268900     /usr/lib/jvm/java-7-openjdk-common/jre/lib/resources.jar
b2dbb000-b2e0d000 r--p 00000000 fc:01 791074     /usr/share/fonts/truetype/ttf-dejavu/DejaVuSansMono.ttf
b2e0d000-b2e3c000 r--p 00000000 fc:01 790934     /usr/share/fonts/truetype/droid/DroidSans.ttf
b2e3c000-b2e3e000 r-xp 00000000 fc:01 397253     /usr/lib/i386-linux-gnu/pango/1.6.0/modules/pango-basic-fc.so
b2e3e000-b2e3f000 r--p 00001000 fc:01 397253     /usr/lib/i386-linux-gnu/pango/1.6.0/modules/pango-basic-fc.so
b2e3f000-b2e40000 rw-p 00002000 fc:01 397253     /usr/lib/i386-linux-gnu/pango/1.6.0/modules/pango-basic-fc.so
b2e40000-b2e41000 r--s 00000000 fc:01 1191731    /var/cache/fontconfig/c05880de57d1f5e948fdfacc138775d9-le32d4.cache-3
b2e41000-b2e47000 r--s 00000000 fc:01 1188122    /var/cache/fontconfig/945677eb7aeaf62f1d50efc3fb3ec7d8-le32d4.cache-3
b2e47000-b2e49000 r--s 00000000 fc:01 1188124    /var/cache/fontconfig/99e8ed0e538f840c565b6ed5dad60d56-le32d4.cache-3
b2e49000-b2e4f000 r--s 00000000 fc:01 1191947    /var/cache/fontconfig/a6d8cf8e4ec09cdbc8633c31745a07dd-le32d4.cache-3
b2e4f000-b2e52000 r--s 00000000 fc:01 1188106    /var/cache/fontconfig/2cd17615ca594fa2959ae173292e504c-le32d4.cache-3
b2e52000-b2e53000 r--s 00000000 fc:01 1188138    /var/cache/fontconfig/e7071f4a29fa870f4323321c154eba04-le32d4.cache-3
b2e53000-b2e54000 r--s 00000000 fc:01 1188103    /var/cache/fontconfig/0d8c3b2ac0904cb8a57a757ad11a4a08-le32d4.cache-3
b2e54000-b2e58000 r--s 00000000 fc:01 1188126    /var/cache/fontconfig/a755afe4a08bf5b97852ceb7400b47bc-le32d4.cache-3
b2e58000-b2e5f000 r--s 00000000 fc:01 1191801    /var/cache/fontconfig/6d41288fd70b0be22e8c3a91e032eec0-le32d4.cache-3
b2e5f000-b2e6a000 r--s 00000000 fc:01 1188101    /var/cache/fontconfig/04aabc0a78ac019cf9454389977116d2-le32d4.cache-3
b2e6a000-b2e6b000 r--s 00000000 fc:01 1188105    /var/cache/fontconfig/1ac9eb803944fde146138c791f5cc56a-le32d4.cache-3
b2e6b000-b2e6e000 r--s 00000000 fc:01 1188110    /var/cache/fontconfig/385c0604a188198f04d133e54aba7fe7-le32d4.cache-3
b2e6e000-b2e6f000 r--s 00000000 fc:01 1188136    /var/cache/fontconfig/dc05db6664285cc2f12bf69c139ae4c3-le32d4.cache-3
b2e6f000-b2e71000 r--s 00000000 fc:01 1188119    /var/cache/fontconfig/767a8244fc0220cfb567a839d0392e0b-le32d4.cache-3
b2e71000-b2e72000 r--s 00000000 fc:01 1188120    /var/cache/fontconfig/4794a0821666d79190d59a36cb4f44b5-le32d4.cache-3
b2e72000-b2e75000 r--s 00000000 fc:01 1188121    /var/cache/fontconfig/8801497958630a81b71ace7c5f9b32a8-le32d4.cache-3
b2e75000-b2e98000 r--s 00000000 fc:01 1191946    /var/cache/fontconfig/365b55f210c0a22e9a19e35191240f32-le32d4.cache-3
b2e98000-b2e9a000 r--s 00000000 fc:01 1188130    /var/cache/fontconfig/c57959a16110560c8d0fcea73374aeeb-le32d4.cache-3
b2e9a000-b2e9e000 r--s 00000000 fc:01 1188107    /var/cache/fontconfig/3047814df9a2f067bd2d96a2b9c36e5a-le32d4.cache-3
b2e9e000-b2e9f000 r--s 00000000 fc:01 1188114    /var/cache/fontconfig/56cf4f4769d0f4abc89a4895d7bd3ae1-le32d4.cache-3
b2e9f000-b2ea0000 r--s 00000000 fc:01 1188129    /var/cache/fontconfig/b9d506c9ac06c20b433354fa67a72993-le32d4.cache-3
b2ea0000-b2ea4000 r--s 00000000 fc:01 1188128    /var/cache/fontconfig/b47c4e1ecd0709278f4910c18777a504-le32d4.cache-3
b2ea4000-b2eaa000 r--s 00000000 fc:01 1191945    /var/cache/fontconfig/52f7bdb7ce746bfd7eaa1985bd9cfa93-le32d4.cache-3
b2eaa000-b2eb7000 r--s 00000000 fc:01 1188134    /var/cache/fontconfig/d52a8644073d54c13679302ca1180695-le32d4.cache-3
b2eb7000-b2ebd000 r--s 00000000 fc:01 1188111    /var/cache/fontconfig/3f7329c5293ffd510edef78f73874cfd-le32d4.cache-3
b2ebd000-b2ebe000 r--s 00000000 fc:01 1188102    /var/cache/fontconfig/0c9eb80ebd1c36541ebe2852d3bb0c49-le32d4.cache-3
b2ebe000-b2ec0000 r--s 00000000 fc:01 1191905    /var/cache/fontconfig/e13b20fdb08344e0e664864cc2ede53d-le32d4.cache-3
b2ec0000-b2ec3000 r--s 00000000 fc:01 1191944    /var/cache/fontconfig/7ef2298fde41cc6eeb7af42e48b7d293-le32d4.cache-3
b2ec3000-b2edd000 r--p 00000000 fc:01 662296     /usr/share/locale-langpack/fr/LC_MESSAGES/glib20.mo
b2edd000-b2f0d000 r-xp 00000000 fc:01 397026     /usr/lib/i386-linux-gnu/gtk-2.0/2.10.0/engines/libclearlooks.so
b2f0d000-b2f0e000 r--p 0002f000 fc:01 397026     /usr/lib/i386-linux-gnu/gtk-2.0/2.10.0/engines/libclearlooks.so
b2f0e000-b2f0f000 rw-p 00030000 fc:01 397026     /usr/lib/i386-linux-gnu/gtk-2.0/2.10.0/engines/libclearlooks.so
b2f0f000-b2f13000 rwxp 00000000 00:00 0 
b2f13000-b2f3e000 r--p 00000000 fc:01 662336     /usr/share/locale-langpack/fr/LC_MESSAGES/gtk20-properties.mo
b2f3e000-b2f63000 r--p 00000000 fc:01 662386     /usr/share/locale-langpack/fr/LC_MESSAGES/libc.mo
b2f63000-b2f6a000 r--s 00000000 fc:01 396851     /usr/lib/i386-linux-gnu/gconv/gconv-modules.cache
b2f6a000-b2f6f000 r-xp 00000000 fc:01 395598     /usr/lib/i386-linux-gnu/libXdmcp.so.6.0.0
b2f6f000-b2f70000 r--p 00004000 fc:01 395598     /usr/lib/i386-linux-gnu/libXdmcp.so.6.0.0
b2f70000-b2f71000 rw-p 00005000 fc:01 395598     /usr/lib/i386-linux-gnu/libXdmcp.so.6.0.0
b2f71000-b2f73000 r-xp 00000000 fc:01 395587     /usr/lib/i386-linux-gnu/libXau.so.6.0.0
b2f73000-b2f74000 r--p 00001000 fc:01 395587     /usr/lib/i386-linux-gnu/libXau.so.6.0.0
b2f74000-b2f75000 rw-p 00002000 fc:01 395587     /usr/lib/i386-linux-gnu/libXau.so.6.0.0
b2f75000-b2fb3000 r-xp 00000000 fc:01 131855     /lib/i386-linux-gnu/libpcre.so.3.13.1
b2fb3000-b2fb4000 r--p 0003d000 fc:01 131855     /lib/i386-linux-gnu/libpcre.so.3.13.1
b2fb4000-b2fb5000 rw-p 0003e000 fc:01 131855     /lib/i386-linux-gnu/libpcre.so.3.13.1
b2fb5000-b2fba000 r-xp 00000000 fc:01 395773     /usr/lib/i386-linux-gnu/libffi.so.6.0.0
b2fba000-b2fbb000 r--p 00005000 fc:01 395773     /usr/lib/i386-linux-gnu/libffi.so.6.0.0
b2fbb000-b2fbc000 rw-p 00006000 fc:01 395773     /usr/lib/i386-linux-gnu/libffi.so.6.0.0
b2fbc000-b2fe1000 r-xp 00000000 fc:01 131789     /lib/i386-linux-gnu/libexpat.so.1.6.0
b2fe1000-b2fe3000 r--p 00025000 fc:01 131789     /lib/i386-linux-gnu/libexpat.so.1.6.0
b2fe3000-b2fe4000 rw-p 00027000 fc:01 131789     /lib/i386-linux-gnu/libexpat.so.1.6.0
b2fe4000-b2ff7000 r-xp 00000000 fc:01 131870     /lib/i386-linux-gnu/libresolv-2.15.so
b2ff7000-b2ff8000 r--p 00013000 fc:01 131870     /lib/i386-linux-gnu/libresolv-2.15.so
b2ff8000-b2ff9000 rw-p 00014000 fc:01 131870     /lib/i386-linux-gnu/libresolv-2.15.so
b2ff9000-b2ffb000 rw-p 00000000 00:00 0 
b2ffb000-b3018000 r-xp 00000000 fc:01 131874     /lib/i386-linux-gnu/libselinux.so.1
b3018000-b3019000 r--p 0001c000 fc:01 131874     /lib/i386-linux-gnu/libselinux.so.1
b3019000-b301a000 rw-p 0001d000 fc:01 131874     /lib/i386-linux-gnu/libselinux.so.1
b301a000-b301d000 r-xp 00000000 fc:01 395838     /usr/lib/i386-linux-gnu/libgmodule-2.0.so.0.3400.0
b301d000-b301e000 r--p 00002000 fc:01 395838     /usr/lib/i386-linux-gnu/libgmodule-2.0.so.0.3400.0
b301e000-b301f000 rw-p 00003000 fc:01 395838     /usr/lib/i386-linux-gnu/libgmodule-2.0.so.0.3400.0
b301f000-b3027000 r-xp 00000000 fc:01 396244     /usr/lib/i386-linux-gnu/libxcb-render.so.0.0.0
b3027000-b3028000 r--p 00008000 fc:01 396244     /usr/lib/i386-linux-gnu/libxcb-render.so.0.0.0
b3028000-b3029000 rw-p 00009000 fc:01 396244     /usr/lib/i386-linux-gnu/libxcb-render.so.0.0.0
b3029000-b302b000 r-xp 00000000 fc:01 396248     /usr/lib/i386-linux-gnu/libxcb-shm.so.0.0.0
b302b000-b302c000 r--p 00001000 fc:01 396248     /usr/lib/i386-linux-gnu/libxcb-shm.so.0.0.0
b302c000-b302d000 rw-p 00002000 fc:01 396248     /usr/lib/i386-linux-gnu/libxcb-shm.so.0.0.0
b302d000-b3054000 r-xp 00000000 fc:01 131859     /lib/i386-linux-gnu/libpng12.so.0.49.0
b3054000-b3055000 r--p 00026000 fc:01 131859     /lib/i386-linux-gnu/libpng12.so.0.49.0
b3055000-b3056000 rw-p 00027000 fc:01 131859     /lib/i386-linux-gnu/libpng12.so.0.49.0
b3056000-b30e8000 r-xp 00000000 fc:01 396083     /usr/lib/i386-linux-gnu/libpixman-1.so.0.26.0
b30e8000-b30ec000 r--p 00092000 fc:01 396083     /usr/lib/i386-linux-gnu/libpixman-1.so.0.26.0
b30ec000-b30ed000 rw-p 00096000 fc:01 396083     /usr/lib/i386-linux-gnu/libpixman-1.so.0.26.0
b30ed000-b310d000 r-xp 00000000 fc:01 396252     /usr/lib/i386-linux-gnu/libxcb.so.1.1.0
b310d000-b310e000 r--p 0001f000 fc:01 396252     /usr/lib/i386-linux-gnu/libxcb.so.1.1.0
b310e000-b310f000 rw-p 00020000 fc:01 396252     /usr/lib/i386-linux-gnu/libxcb.so.1.1.0
b310f000-b31a4000 r-xp 00000000 fc:01 395790     /usr/lib/i386-linux-gnu/libfreetype.so.6.9.0
b31a4000-b31a8000 r--p 00094000 fc:01 395790     /usr/lib/i386-linux-gnu/libfreetype.so.6.9.0
b31a8000-b31a9000 rw-p 00098000 fc:01 395790     /usr/lib/i386-linux-gnu/libfreetype.so.6.9.0
b31a9000-b31ab000 r-xp 00000000 fc:01 395596     /usr/lib/i386-linux-gnu/libXdamage.so.1.1.0
b31ab000-b31ac000 r--p 00001000 fc:01 395596     /usr/lib/i386-linux-gnu/libXdamage.so.1.1.0
b31ac000-b31ad000 rw-p 00002000 fc:01 395596     /usr/lib/i386-linux-gnu/libXdamage.so.1.1.0
b31ad000-b31af000 r-xp 00000000 fc:01 395592     /usr/lib/i386-linux-gnu/libXcomposite.so.1.0.0
b31af000-b31b0000 r--p 00001000 fc:01 395592     /usr/lib/i386-linux-gnu/libXcomposite.so.1.0.0
b31b0000-b31b1000 rw-p 00002000 fc:01 395592     /usr/lib/i386-linux-gnu/libXcomposite.so.1.0.0
b31b1000-b31ba000 r-xp 00000000 fc:01 395594     /usr/lib/i386-linux-gnu/libXcursor.so.1.0.2
b31ba000-b31bb000 r--p 00008000 fc:01 395594     /usr/lib/i386-linux-gnu/libXcursor.so.1.0.2
b31bb000-b31bc000 rw-p 00009000 fc:01 395594     /usr/lib/i386-linux-gnu/libXcursor.so.1.0.2
b31bc000-b31c5000 r-xp 00000000 fc:01 395618     /usr/lib/i386-linux-gnu/libXrandr.so.2.2.0
b31c5000-b31c6000 r--p 00008000 fc:01 395618     /usr/lib/i386-linux-gnu/libXrandr.so.2.2.0
b31c6000-b31c7000 rw-p 00009000 fc:01 395618     /usr/lib/i386-linux-gnu/libXrandr.so.2.2.0
b31c7000-b31d5000 r-xp 00000000 fc:01 395606     /usr/lib/i386-linux-gnu/libXi.so.6.1.0
b31d5000-b31d6000 r--p 0000d000 fc:01 395606     /usr/lib/i386-linux-gnu/libXi.so.6.1.0
b31d6000-b31d7000 rw-p 0000e000 fc:01 395606     /usr/lib/i386-linux-gnu/libXi.so.6.1.0
b31d7000-b31d9000 r-xp 00000000 fc:01 395608     /usr/lib/i386-linux-gnu/libXinerama.so.1.0.0
b31d9000-b31da000 r--p 00001000 fc:01 395608     /usr/lib/i386-linux-gnu/libXinerama.so.1.0.0
b31da000-b31db000 rw-p 00002000 fc:01 395608     /usr/lib/i386-linux-gnu/libXinerama.so.1.0.0
b31db000-b31e3000 r-xp 00000000 fc:01 395620     /usr/lib/i386-linux-gnu/libXrender.so.1.3.0
b31e3000-b31e4000 r--p 00007000 fc:01 395620     /usr/lib/i386-linux-gnu/libXrender.so.1.3.0
b31e4000-b31e5000 rw-p 00008000 fc:01 395620     /usr/lib/i386-linux-gnu/libXrender.so.1.3.0
b31e5000-b31f5000 r-xp 00000000 fc:01 395600     /usr/lib/i386-linux-gnu/libXext.so.6.4.0
b31f5000-b31f6000 r--p 0000f000 fc:01 395600     /usr/lib/i386-linux-gnu/libXext.so.6.4.0
b31f6000-b31f7000 rw-p 00010000 fc:01 395600     /usr/lib/i386-linux-gnu/libXext.so.6.4.0
b31f7000-b32f0000 r-xp 00000000 fc:01 131798     /lib/i386-linux-gnu/libglib-2.0.so.0.3400.0
b32f0000-b32f1000 r--p 000f9000 fc:01 131798     /lib/i386-linux-gnu/libglib-2.0.so.0.3400.0
b32f1000-b32f2000 rw-p 000fa000 fc:01 131798     /lib/i386-linux-gnu/libglib-2.0.so.0.3400.0
b32f2000-b3340000 r-xp 00000000 fc:01 395850     /usr/lib/i386-linux-gnu/libgobject-2.0.so.0.3400.0
b3340000-b3341000 r--p 0004d000 fc:01 395850     /usr/lib/i386-linux-gnu/libgobject-2.0.so.0.3400.0
b3341000-b3342000 rw-p 0004e000 fc:01 395850     /usr/lib/i386-linux-gnu/libgobject-2.0.so.0.3400.0
b3342000-b3378000 r-xp 00000000 fc:01 395778     /usr/lib/i386-linux-gnu/libfontconfig.so.1.6.2
b3378000-b3379000 r--p 00036000 fc:01 395778     /usr/lib/i386-linux-gnu/libfontconfig.so.1.6.2
b3379000-b337a000 rw-p 00037000 fc:01 395778     /usr/lib/i386-linux-gnu/libfontconfig.so.1.6.2
b337a000-b33c1000 r-xp 00000000 fc:01 396061     /usr/lib/i386-linux-gnu/libpango-1.0.so.0.3000.1
b33c1000-b33c2000 r--p 00047000 fc:01 396061     /usr/lib/i386-linux-gnu/libpango-1.0.so.0.3000.1
b33c2000-b33c3000 rw-p 00048000 fc:01 396061     /usr/lib/i386-linux-gnu/libpango-1.0.so.0.3000.1
b33c3000-b33f0000 r-xp 00000000 fc:01 396065     /usr/lib/i386-linux-gnu/libpangoft2-1.0.so.0.3000.1
b33f0000-b33f1000 r--p 0002c000 fc:01 396065     /usr/lib/i386-linux-gnu/libpangoft2-1.0.so.0.3000.1
b33f1000-b33f2000 rw-p 0002d000 fc:01 396065     /usr/lib/i386-linux-gnu/libpangoft2-1.0.so.0.3000.1
b33f2000-b354d000 r-xp 00000000 fc:01 395826     /usr/lib/i386-linux-gnu/libgio-2.0.so.0.3400.0
b354d000-b354e000 ---p 0015b000 fc:01 395826     /usr/lib/i386-linux-gnu/libgio-2.0.so.0.3400.0
b354e000-b3550000 r--p 0015b000 fc:01 395826     /usr/lib/i386-linux-gnu/libgio-2.0.so.0.3400.0
b3550000-b3551000 rw-p 0015d000 fc:01 395826     /usr/lib/i386-linux-gnu/libgio-2.0.so.0.3400.0
b3551000-b3552000 rw-p 00000000 00:00 0 
b3552000-b3572000 r-xp 00000000 fc:01 395811     /usr/lib/i386-linux-gnu/libgdk_pixbuf-2.0.so.0.2600.4
b3572000-b3573000 r--p 0001f000 fc:01 395811     /usr/lib/i386-linux-gnu/libgdk_pixbuf-2.0.so.0.2600.4
b3573000-b3574000 rw-p 00020000 fc:01 395811     /usr/lib/i386-linux-gnu/libgdk_pixbuf-2.0.so.0.2600.4
b3574000-b367a000 r-xp 00000000 fc:01 414463     /usr/lib/i386-linux-gnu/libcairo.so.2.11200.2
b367a000-b367c000 r--p 00106000 fc:01 414463     /usr/lib/i386-linux-gnu/libcairo.so.2.11200.2
b367c000-b367d000 rw-p 00108000 fc:01 414463     /usr/lib/i386-linux-gnu/libcairo.so.2.11200.2
b367d000-b367e000 rw-p 00000000 00:00 0 
b367e000-b369c000 r-xp 00000000 fc:01 395656     /usr/lib/i386-linux-gnu/libatk-1.0.so.0.20609.1
b369c000-b369e000 r--p 0001d000 fc:01 395656     /usr/lib/i386-linux-gnu/libatk-1.0.so.0.20609.1
b369e000-b369f000 rw-p 0001f000 fc:01 395656     /usr/lib/i386-linux-gnu/libatk-1.0.so.0.20609.1
b369f000-b36a4000 r-xp 00000000 fc:01 395602     /usr/lib/i386-linux-gnu/libXfixes.so.3.1.0
b36a4000-b36a5000 r--p 00004000 fc:01 395602     /usr/lib/i386-linux-gnu/libXfixes.so.3.1.0
b36a5000-b36a6000 rw-p 00005000 fc:01 395602     /usr/lib/i386-linux-gnu/libXfixes.so.3.1.0
b36a6000-b37d8000 r-xp 00000000 fc:01 395583     /usr/lib/i386-linux-gnu/libX11.so.6.3.0
b37d8000-b37d9000 r--p 00132000 fc:01 395583     /usr/lib/i386-linux-gnu/libX11.so.6.3.0
b37d9000-b37dc000 rw-p 00133000 fc:01 395583     /usr/lib/i386-linux-gnu/libX11.so.6.3.0
b37dc000-b37e7000 r-xp 00000000 fc:01 396063     /usr/lib/i386-linux-gnu/libpangocairo-1.0.so.0.3000.1
b37e7000-b37e8000 r--p 0000a000 fc:01 396063     /usr/lib/i386-linux-gnu/libpangocairo-1.0.so.0.3000.1
b37e8000-b37e9000 rw-p 0000b000 fc:01 396063     /usr/lib/i386-linux-gnu/libpangocairo-1.0.so.0.3000.1
b37e9000-b3894000 r-xp 00000000 fc:01 395809     /usr/lib/i386-linux-gnu/libgdk-x11-2.0.so.0.2400.13
b3894000-b3896000 r--p 000ab000 fc:01 395809     /usr/lib/i386-linux-gnu/libgdk-x11-2.0.so.0.2400.13
b3896000-b3897000 rw-p 000ad000 fc:01 395809     /usr/lib/i386-linux-gnu/libgdk-x11-2.0.so.0.2400.13
b3897000-b3cf8000 r-xp 00000000 fc:01 395911     /usr/lib/i386-linux-gnu/libgtk-x11-2.0.so.0.2400.13
b3cf8000-b3cfc000 r--p 00460000 fc:01 395911     /usr/lib/i386-linux-gnu/libgtk-x11-2.0.so.0.2400.13
b3cfc000-b3cfe000 rw-p 00464000 fc:01 395911     /usr/lib/i386-linux-gnu/libgtk-x11-2.0.so.0.2400.13
b3cfe000-b3d00000 rw-p 00000000 00:00 0 
b3d00000-b3e00000 rw-p 00000000 00:00 0 
b3e00000-b3e01000 r--s 00004000 fc:01 1084050    /usr/share/tuxguitar/plugins/tuxguitar-tef.jar
b3e01000-b3e06000 r-xp 00000000 fc:01 395626     /usr/lib/i386-linux-gnu/libXtst.so.6.1.0
b3e06000-b3e07000 r--p 00004000 fc:01 395626     /usr/lib/i386-linux-gnu/libXtst.so.6.1.0
b3e07000-b3e08000 rw-p 00005000 fc:01 395626     /usr/lib/i386-linux-gnu/libXtst.so.6.1.0
b3e08000-b3e09000 r--s 00002000 fc:01 1084055    /usr/share/tuxguitar/plugins/tuxguitar-oss.jar
b3e09000-b3e0b000 r--s 0000d000 fc:01 549673     /usr/share/java/RXTXcomm-2.2pre2.jar
b3e0b000-b3e0c000 r-xp 00000000 fc:01 397037     /usr/lib/i386-linux-gnu/gtk-2.0/2.10.0/immodules/im-cedilla.so
b3e0c000-b3e0d000 r--p 00000000 fc:01 397037     /usr/lib/i386-linux-gnu/gtk-2.0/2.10.0/immodules/im-cedilla.so
b3e0d000-b3e0e000 rw-p 00001000 fc:01 397037     /usr/lib/i386-linux-gnu/gtk-2.0/2.10.0/immodules/im-cedilla.so
b3e0e000-b3e1d000 r--p 00000000 fc:01 662337     /usr/share/locale-langpack/fr/LC_MESSAGES/gtk20.mo
b3e1d000-b3e95000 r-xp 00000000 fc:01 674443     /usr/lib/jni/libswt-pi-gtk-3833.so
b3e95000-b3e96000 r--p 00077000 fc:01 674443     /usr/lib/jni/libswt-pi-gtk-3833.so
b3e96000-b3e97000 rw-p 00078000 fc:01 674443     /usr/lib/jni/libswt-pi-gtk-3833.so
b3e97000-b3e98000 rw-p 00000000 00:00 0 
b3e98000-b3ead000 r--s 0018c000 fc:01 803582     /usr/lib/java/swt-gtk-3.8.0.jar
b3ead000-b3eba000 r--s 00108000 fc:01 557117     /usr/share/java/itext-2.1.7.jar
b3eba000-b3ebb000 ---p 00000000 00:00 0 
b3ebb000-b3f3b000 rw-p 00000000 00:00 0          [stack:30381]
b3f3b000-b3f3e000 ---p 00000000 00:00 0 
b3f3e000-b3f8c000 rw-p 00000000 00:00 0          [stack:30380]
b3f8c000-b3f8f000 ---p 00000000 00:00 0 
b3f8f000-b400d000 rw-p 00000000 00:00 0          [stack:30379]
b400d000-b4010000 ---p 00000000 00:00 0 
b4010000-b405e000 rw-p 00000000 00:00 0          [stack:30378]
b405e000-b425e000 r--p 00000000 fc:01 397806     /usr/lib/locale/locale-archive
b425e000-b4261000 ---p 00000000 00:00 0 
b4261000-b42af000 rw-p 00000000 00:00 0          [stack:30377]
b42af000-b42b2000 ---p 00000000 00:00 0 
b42b2000-b4300000 rw-p 00000000 00:00 0          [stack:30376]
b4300000-b4321000 rw-p 00000000 00:00 0 
b4321000-b4400000 ---p 00000000 00:00 0 
b4400000-b4401000 r--s 00004000 fc:01 557463     /usr/share/java/libusb.jar
b4401000-b4402000 r-xp 00000000 fc:01 395907     /usr/lib/i386-linux-gnu/libgthread-2.0.so.0.3400.0
b4402000-b4403000 r--p 00000000 fc:01 395907     /usr/lib/i386-linux-gnu/libgthread-2.0.so.0.3400.0
b4403000-b4404000 rw-p 00001000 fc:01 395907     /usr/lib/i386-linux-gnu/libgthread-2.0.so.0.3400.0
b4404000-b4408000 r-xp 00000000 fc:01 674440     /usr/lib/jni/libswt-gtk-3833.so
b4408000-b4409000 r--p 00003000 fc:01 674440     /usr/lib/jni/libswt-gtk-3833.so
b4409000-b440a000 rw-p 00004000 fc:01 674440     /usr/lib/jni/libswt-gtk-3833.so
b440a000-b440b000 rw-p 00000000 00:00 0 
b440b000-b4427000 r--s 000f2000 fc:01 1083537    /usr/share/tuxguitar/tuxguitar.jar
b4427000-b4429000 r--s 00006000 fc:01 550382     /usr/share/java/java-atk-wrapper.jar
b4429000-b442d000 r--s 00085000 fc:01 268879     /usr/lib/jvm/java-7-openjdk-common/jre/lib/ext/localedata.jar
b442d000-b442e000 r--s 00002000 fc:01 268877     /usr/lib/jvm/java-7-openjdk-common/jre/lib/ext/dnsns.jar
b442e000-b4431000 r--s 00032000 fc:01 268881     /usr/lib/jvm/java-7-openjdk-common/jre/lib/ext/sunjce_provider.jar
b4431000-b4434000 r--s 0003c000 fc:01 268882     /usr/lib/jvm/java-7-openjdk-common/jre/lib/ext/sunpkcs11.jar
b4434000-b4435000 ---p 00000000 00:00 0 
b4435000-b44fd000 rw-p 00000000 00:00 0          [stack:30375]
b44fd000-b46a8000 r--s 01cdb000 fc:01 269005     /usr/lib/jvm/java-7-openjdk-i386/jre/lib/rt.jar
b46a8000-b46b6000 rw-p 00000000 00:00 0 
b46b6000-b46d0000 rw-p 00000000 00:00 0 
b46d0000-b4741000 rw-p 00000000 00:00 0 
b4741000-b475b000 rw-p 00000000 00:00 0 
b475b000-b476c000 rw-p 00000000 00:00 0 
b476c000-b47e7000 rw-p 00000000 00:00 0 
b47e7000-b490f000 rwxp 00000000 00:00 0 
b490f000-b67e7000 rw-p 00000000 00:00 0 
b67e7000-b67f2000 r-xp 00000000 fc:01 131833     /lib/i386-linux-gnu/libnss_files-2.15.so
b67f2000-b67f3000 r--p 0000a000 fc:01 131833     /lib/i386-linux-gnu/libnss_files-2.15.so
b67f3000-b67f4000 rw-p 0000b000 fc:01 131833     /lib/i386-linux-gnu/libnss_files-2.15.so
b67f4000-b67fe000 r-xp 00000000 fc:01 131837     /lib/i386-linux-gnu/libnss_nis-2.15.so
b67fe000-b67ff000 r--p 00009000 fc:01 131837     /lib/i386-linux-gnu/libnss_nis-2.15.so
b67ff000-b6800000 rw-p 0000a000 fc:01 131837     /lib/i386-linux-gnu/libnss_nis-2.15.so
b6800000-b68fb000 rw-p 00000000 00:00 0 
b68fb000-b6900000 ---p 00000000 00:00 0 
b6900000-b6906000 rw-p 00000000 00:00 0 
b6906000-b691c000 r-xp 00000000 fc:01 131827     /lib/i386-linux-gnu/libnsl-2.15.so
b691c000-b691d000 r--p 00015000 fc:01 131827     /lib/i386-linux-gnu/libnsl-2.15.so
b691d000-b691e000 rw-p 00016000 fc:01 131827     /lib/i386-linux-gnu/libnsl-2.15.so
b691e000-b6920000 rw-p 00000000 00:00 0 
b6920000-b6927000 r-xp 00000000 fc:01 131829     /lib/i386-linux-gnu/libnss_compat-2.15.so
b6927000-b6928000 r--p 00006000 fc:01 131829     /lib/i386-linux-gnu/libnss_compat-2.15.so
b6928000-b6929000 rw-p 00007000 fc:01 131829     /lib/i386-linux-gnu/libnss_compat-2.15.so
b6929000-b692c000 r--s 0000f000 fc:01 268878     /usr/lib/jvm/java-7-openjdk-common/jre/lib/ext/pulse-java.jar
b692c000-b6934000 r-xp 00000000 fc:01 268973     /usr/lib/jvm/java-7-openjdk-i386/jre/lib/i386/libzip.so
b6934000-b6935000 r--p 00007000 fc:01 268973     /usr/lib/jvm/java-7-openjdk-i386/jre/lib/i386/libzip.so
b6935000-b6936000 rw-p 00008000 fc:01 268973     /usr/lib/jvm/java-7-openjdk-i386/jre/lib/i386/libzip.so
b6936000-b693e000 rw-s 00000000 fc:01 1713281    /tmp/hsperfdata_nicolas/30373
b693e000-b6965000 r-xp 00000000 fc:01 268957     /usr/lib/jvm/java-7-openjdk-i386/jre/lib/i386/libjava.so
b6965000-b6966000 r--p 00026000 fc:01 268957     /usr/lib/jvm/java-7-openjdk-i386/jre/lib/i386/libjava.so
b6966000-b6967000 rw-p 00027000 fc:01 268957     /usr/lib/jvm/java-7-openjdk-i386/jre/lib/i386/libjava.so
b6967000-b696e000 r-xp 00000000 fc:01 131872     /lib/i386-linux-gnu/librt-2.15.so
b696e000-b696f000 r--p 00006000 fc:01 131872     /lib/i386-linux-gnu/librt-2.15.so
b696f000-b6970000 rw-p 00007000 fc:01 131872     /lib/i386-linux-gnu/librt-2.15.so
b6970000-b6973000 ---p 00000000 00:00 0 
b6973000-b69c1000 rw-p 00000000 00:00 0          [stack:30374]
b69c1000-b69dd000 r-xp 00000000 fc:01 131794     /lib/i386-linux-gnu/libgcc_s.so.1
b69dd000-b69de000 r--p 0001b000 fc:01 131794     /lib/i386-linux-gnu/libgcc_s.so.1
b69de000-b69df000 rw-p 0001c000 fc:01 131794     /lib/i386-linux-gnu/libgcc_s.so.1
b69df000-b6a09000 r-xp 00000000 fc:01 131810     /lib/i386-linux-gnu/libm-2.15.so
b6a09000-b6a0a000 r--p 00029000 fc:01 131810     /lib/i386-linux-gnu/libm-2.15.so
b6a0a000-b6a0b000 rw-p 0002a000 fc:01 131810     /lib/i386-linux-gnu/libm-2.15.so
b6a0b000-b6ae7000 r-xp 00000000 fc:01 396168     /usr/lib/i386-linux-gnu/libstdc++.so.6.0.17
b6ae7000-b6ae8000 ---p 000dc000 fc:01 396168     /usr/lib/i386-linux-gnu/libstdc++.so.6.0.17
b6ae8000-b6aec000 r--p 000dc000 fc:01 396168     /usr/lib/i386-linux-gnu/libstdc++.so.6.0.17
b6aec000-b6aed000 rw-p 000e0000 fc:01 396168     /usr/lib/i386-linux-gnu/libstdc++.so.6.0.17
b6aed000-b6af4000 rw-p 00000000 00:00 0 
b6af4000-b70aa000 r-xp 00000000 fc:01 268991     /usr/lib/jvm/java-7-openjdk-i386/jre/lib/i386/client/libjvm.so
b70aa000-b70c1000 r--p 005b5000 fc:01 268991     /usr/lib/jvm/java-7-openjdk-i386/jre/lib/i386/client/libjvm.so
b70c1000-b70d0000 rw-p 005cc000 fc:01 268991     /usr/lib/jvm/java-7-openjdk-i386/jre/lib/i386/client/libjvm.so
b70d0000-b74eb000 rw-p 00000000 00:00 0 
b74eb000-b7502000 r-xp 00000000 fc:01 131902     /lib/i386-linux-gnu/libz.so.1.2.7
b7502000-b7503000 r--p 00016000 fc:01 131902     /lib/i386-linux-gnu/libz.so.1.2.7
b7503000-b7504000 rw-p 00017000 fc:01 131902     /lib/i386-linux-gnu/libz.so.1.2.7
b7504000-b751b000 r-xp 00000000 fc:01 131864     /lib/i386-linux-gnu/libpthread-2.15.so
b751b000-b751c000 r--p 00016000 fc:01 131864     /lib/i386-linux-gnu/libpthread-2.15.so
b751c000-b751d000 rw-p 00017000 fc:01 131864     /lib/i386-linux-gnu/libpthread-2.15.so
b751d000-b751f000 rw-p 00000000 00:00 0 
b751f000-b7522000 r-xp 00000000 fc:01 131784     /lib/i386-linux-gnu/libdl-2.15.so
b7522000-b7523000 r--p 00002000 fc:01 131784     /lib/i386-linux-gnu/libdl-2.15.so
b7523000-b7524000 rw-p 00003000 fc:01 131784     /lib/i386-linux-gnu/libdl-2.15.so
b7524000-b76c7000 r-xp 00000000 fc:01 131769     /lib/i386-linux-gnu/libc-2.15.so
b76c7000-b76c8000 ---p 001a3000 fc:01 131769     /lib/i386-linux-gnu/libc-2.15.so
b76c8000-b76ca000 r--p 001a3000 fc:01 131769     /lib/i386-linux-gnu/libc-2.15.so
b76ca000-b76cb000 rw-p 001a5000 fc:01 131769     /lib/i386-linux-gnu/libc-2.15.so
b76cb000-b76cf000 rw-p 00000000 00:00 0 
b76cf000-b76d1000 r--s 00012000 fc:01 268880     /usr/lib/jvm/java-7-openjdk-common/jre/lib/ext/zipfs.jar
b76d1000-b76d2000 r--p 006e7000 fc:01 397806     /usr/lib/locale/locale-archive
b76d2000-b76d3000 rw-p 00000000 00:00 0 
b76d3000-b76d4000 r--p 00000000 00:00 0 
b76d4000-b76e1000 r-xp 00000000 fc:01 268972     /usr/lib/jvm/java-7-openjdk-i386/jre/lib/i386/libverify.so
b76e1000-b76e2000 ---p 0000d000 fc:01 268972     /usr/lib/jvm/java-7-openjdk-i386/jre/lib/i386/libverify.so
b76e2000-b76e3000 r--p 0000d000 fc:01 268972     /usr/lib/jvm/java-7-openjdk-i386/jre/lib/i386/libverify.so
b76e3000-b76e4000 rw-p 0000e000 fc:01 268972     /usr/lib/jvm/java-7-openjdk-i386/jre/lib/i386/libverify.so
b76e4000-b76f1000 r-xp 00000000 fc:01 268960     /usr/lib/jvm/java-7-openjdk-i386/jre/lib/i386/jli/libjli.so
b76f1000-b76f2000 r--p 0000c000 fc:01 268960     /usr/lib/jvm/java-7-openjdk-i386/jre/lib/i386/jli/libjli.so
b76f2000-b76f3000 rw-p 0000d000 fc:01 268960     /usr/lib/jvm/java-7-openjdk-i386/jre/lib/i386/jli/libjli.so
b76f3000-b76f5000 rw-p 00000000 00:00 0 
b76f5000-b76f6000 r-xp 00000000 00:00 0          [vdso]
b76f6000-b7716000 r-xp 00000000 fc:01 131747     /lib/i386-linux-gnu/ld-2.15.so
b7716000-b7717000 r--p 0001f000 fc:01 131747     /lib/i386-linux-gnu/ld-2.15.so
b7717000-b7718000 rw-p 00020000 fc:01 131747     /lib/i386-linux-gnu/ld-2.15.so
bf8a8000-bf8c9000 rw-p 00000000 00:00 0          [stack]

VM Arguments:
jvm_args: -Xms128m -Xmx128m -Djava.library.path=/usr/lib/jni:/usr/lib -Dtuxguitar.share.path=/usr/share/tuxguitar 
java_command: org.herac.tuxguitar.gui.TGMain /usr/share/tuxguitar/tuxguitar.tg
Launcher Type: SUN_STANDARD

Environment Variables:
JAVA_HOME=/usr/lib/jvm/java-6-openjdk/jre/bin/../../
PATH=/usr/lib/lightdm/lightdm:/usr/local/sbin:/usr/local/bin:/usr/sbin:/usr/bin:/sbin:/bin:/usr/games:/usr/local/games
SHELL=/bin/bash
DISPLAY=:0.0

Signal Handlers:
SIGSEGV: [libjvm.so+0x49bfc0], sa_mask[0]=0x7ffbfeff, sa_flags=0x10000004
SIGBUS: [libjvm.so+0x49bfc0], sa_mask[0]=0x7ffbfeff, sa_flags=0x10000004
SIGFPE: [libjvm.so+0x39b250], sa_mask[0]=0x7ffbfeff, sa_flags=0x10000004
SIGPIPE: SIG_IGN, sa_mask[0]=0x00001000, sa_flags=0x10000000
SIGXFSZ: [libjvm.so+0x39b250], sa_mask[0]=0x7ffbfeff, sa_flags=0x10000004
SIGILL: [libjvm.so+0x39b250], sa_mask[0]=0x7ffbfeff, sa_flags=0x10000004
SIGUSR1: SIG_DFL, sa_mask[0]=0x00000000, sa_flags=0x00000000
SIGUSR2: [libjvm.so+0x39b100], sa_mask[0]=0x00000000, sa_flags=0x10000004
SIGHUP: [libjvm.so+0x39b510], sa_mask[0]=0x7ffbfeff, sa_flags=0x10000004
SIGINT: [libjvm.so+0x39b510], sa_mask[0]=0x7ffbfeff, sa_flags=0x10000004
SIGTERM: [libjvm.so+0x39b510], sa_mask[0]=0x7ffbfeff, sa_flags=0x10000004
SIGQUIT: [libjvm.so+0x39b510], sa_mask[0]=0x7ffbfeff, sa_flags=0x10000004


---------------  S Y S T E M  ---------------

OS:Ubuntu 12.10 (quantal)
uname:Linux 3.5.0-19-generic #30-Ubuntu SMP Tue Nov 13 17:49:53 UTC 2012 i686
libc:glibc 2.15 NPTL 2.15 
rlimit: STACK 8192k, CORE 0k, NPROC 11828, NOFILE 4096, AS infinity
load average:0,53 0,33 0,33

/proc/meminfo:
MemTotal:        1537056 kB
MemFree:          247280 kB
Buffers:            5696 kB
Cached:           408756 kB
SwapCached:        47496 kB
Active:           495816 kB
Inactive:         687068 kB
Active(anon):     342796 kB
Inactive(anon):   523404 kB
Active(file):     153020 kB
Inactive(file):   163664 kB
Unevictable:       31192 kB
Mlocked:           31192 kB
HighTotal:        650120 kB
HighFree:           8460 kB
LowTotal:         886936 kB
LowFree:          238820 kB
SwapTotal:       1564668 kB
SwapFree:        1144580 kB
Dirty:               196 kB
Writeback:             0 kB
AnonPages:        767804 kB
Mapped:            97956 kB
Shmem:             91960 kB
Slab:              41568 kB
SReclaimable:      25188 kB
SUnreclaim:        16380 kB
KernelStack:        3472 kB
PageTables:        16176 kB
NFS_Unstable:          0 kB
Bounce:                0 kB
WritebackTmp:          0 kB
CommitLimit:     2333196 kB
Committed_AS:    3887632 kB
VmallocTotal:     122880 kB
VmallocUsed:        9384 kB
VmallocChunk:     112488 kB
HardwareCorrupted:     0 kB
AnonHugePages:         0 kB
HugePages_Total:       0
HugePages_Free:        0
HugePages_Rsvd:        0
HugePages_Surp:        0
Hugepagesize:       2048 kB
DirectMap4k:       28664 kB
DirectMap2M:      884736 kB


CPU:total 1 (1 cores per cpu, 1 threads per core) family 6 model 13 stepping 8, cmov, cx8, fxsr, mmx, sse, sse2, tsc

/proc/cpuinfo:
processor	: 0
vendor_id	: GenuineIntel
cpu family	: 6
model		: 13
model name	: Intel(R) Pentium(R) M processor 1.60GHz
stepping	: 8
microcode	: 0x20
cpu MHz		: 1600.000
cache size	: 2048 KB
fdiv_bug	: no
hlt_bug		: no
f00f_bug	: no
coma_bug	: no
fpu		: yes
fpu_exception	: yes
cpuid level	: 2
wp		: yes
flags		: fpu vme de pse tsc msr pae mce cx8 apic sep mtrr pge mca cmov clflush dts acpi mmx fxsr sse sse2 ss tm pbe nx up bts est tm2
bogomips	: 3191.96
clflush size	: 64
cache_alignment	: 64
address sizes	: 32 bits physical, 32 bits virtual
power management:



Memory: 4k page, physical 1537056k(247280k free), swap 1564668k(1144580k free)

vm_info: OpenJDK Client VM (23.2-b09) for linux-x86 JRE (1.7.0_09-b30), built on Oct 24 2012 18:05:21 by "buildd" with gcc 4.7.2

time: Thu Dec 20 23:26:19 2012
elapsed time: 1 seconds

